[57343:775:0413/040226.696494:ERROR:browser_switcher_service.cc(238)] XXX Init()
[57343:775:0413/040228.196974:INFO:CONSOLE(0)] "[DOM] Found 2 elements with non-unique id #signInToHUC: (More info: https://goo.gl/9p2vKq) %o %o", source: https://www.amazon.ca/gp/offer-listing/B07WQYRLGT (0)
[57343:775:0413/040229.186155:INFO:CONSOLE(0)] "[DOM] Found 10 elements with non-unique id #signInToHUC: (More info: https://goo.gl/9p2vKq) %o %o %o %o %o %o %o %o %o %o", source: https://www.amazon.ca/gp/offer-listing/B07VJRZ62R (0)
[57343:775:0413/040230.043969:INFO:CONSOLE(0)] "[DOM] Found 10 elements with non-unique id #signInToHUC: (More info: https://goo.gl/9p2vKq) %o %o %o %o %o %o %o %o %o %o", source: https://www.amazon.ca/gp/offer-listing/B07VGRJDFY (0)
[57343:775:0413/040232.325742:INFO:CONSOLE(0)] "[DOM] Found 2 elements with non-unique id #signInToHUC: (More info: https://goo.gl/9p2vKq) %o %o", source: https://www.amazon.ca/gp/offer-listing/B07WQYRLGT (0)
[57343:775:0413/040233.138069:INFO:CONSOLE(0)] "[DOM] Found 10 elements with non-unique id #signInToHUC: (More info: https://goo.gl/9p2vKq) %o %o %o %o %o %o %o %o %o %o", source: https://www.amazon.ca/gp/offer-listing/B07VJRZ62R (0)
[57343:775:0413/040234.101286:INFO:CONSOLE(0)] "[DOM] Found 10 elements with non-unique id #signInToHUC: (More info: https://goo.gl/9p2vKq) %o %o %o %o %o %o %o %o %o %o", source: https://www.amazon.ca/gp/offer-listing/B07VGRJDFY (0)
[57343:775:0413/040235.997435:INFO:CONSOLE(0)] "[DOM] Found 2 elements with non-unique id #signInToHUC: (More info: https://goo.gl/9p2vKq) %o %o", source: https://www.amazon.ca/gp/offer-listing/B07WQYRLGT (0)
[57343:775:0413/040236.781612:INFO:CONSOLE(0)] "[DOM] Found 10 elements with non-unique id #signInToHUC: (More info: https://goo.gl/9p2vKq) %o %o %o %o %o %o %o %o %o %o", source: https://www.amazon.ca/gp/offer-listing/B07VJRZ62R (0)
[57343:775:0413/040237.643001:INFO:CONSOLE(0)] "[DOM] Found 10 elements with non-unique id #signInToHUC: (More info: https://goo.gl/9p2vKq) %o %o %o %o %o %o %o %o %o %o", source: https://www.amazon.ca/gp/offer-listing/B07VGRJDFY (0)
[57343:775:0413/040239.694845:INFO:CONSOLE(0)] "[DOM] Found 2 elements with non-unique id #signInToHUC: (More info: https://goo.gl/9p2vKq) %o %o", source: https://www.amazon.ca/gp/offer-listing/B07WQYRLGT (0)
[57343:775:0413/040240.416784:INFO:CONSOLE(0)] "[DOM] Found 10 elements with non-unique id #signInToHUC: (More info: https://goo.gl/9p2vKq) %o %o %o %o %o %o %o %o %o %o", source: https://www.amazon.ca/gp/offer-listing/B07VJRZ62R (0)
[57343:775:0413/040241.253446:INFO:CONSOLE(0)] "[DOM] Found 10 elements with non-unique id #signInToHUC: (More info: https://goo.gl/9p2vKq) %o %o %o %o %o %o %o %o %o %o", source: https://www.amazon.ca/gp/offer-listing/B07VGRJDFY (0)
[57343:775:0413/040243.441489:INFO:CONSOLE(0)] "[DOM] Found 2 elements with non-unique id #signInToHUC: (More info: https://goo.gl/9p2vKq) %o %o", source: https://www.amazon.ca/gp/offer-listing/B07WQYRLGT (0)
[57343:775:0413/040244.167725:INFO:CONSOLE(0)] "[DOM] Found 10 elements with non-unique id #signInToHUC: (More info: https://goo.gl/9p2vKq) %o %o %o %o %o %o %o %o %o %o", source: https://www.amazon.ca/gp/offer-listing/B07VJRZ62R (0)
[57343:775:0413/040245.020246:INFO:CONSOLE(0)] "[DOM] Found 10 elements with non-unique id #signInToHUC: (More info: https://goo.gl/9p2vKq) %o %o %o %o %o %o %o %o %o %o", source: https://www.amazon.ca/gp/offer-listing/B07VGRJDFY (0)
[57343:775:0413/040247.447424:INFO:CONSOLE(0)] "[DOM] Found 2 elements with non-unique id #signInToHUC: (More info: https://goo.gl/9p2vKq) %o %o", source: https://www.amazon.ca/gp/offer-listing/B07WQYRLGT (0)
[57343:775:0413/040248.191403:INFO:CONSOLE(0)] "[DOM] Found 10 elements with non-unique id #signInToHUC: (More info: https://goo.gl/9p2vKq) %o %o %o %o %o %o %o %o %o %o", source: https://www.amazon.ca/gp/offer-listing/B07VJRZ62R (0)
[57343:775:0413/040249.278799:INFO:CONSOLE(0)] "[DOM] Found 10 elements with non-unique id #signInToHUC: (More info: https://goo.gl/9p2vKq) %o %o %o %o %o %o %o %o %o %o", source: https://www.amazon.ca/gp/offer-listing/B07VGRJDFY (0)
[57343:775:0413/040249.891005:INFO:CONSOLE(0)] "[DOM] Found 2 elements with non-unique id #signInToHUC: (More info: https://goo.gl/9p2vKq) %o %o", source: https://www.amazon.ca/gp/offer-listing/B07WQYRLGT (0)
[57343:775:0413/040252.136516:INFO:CONSOLE(0)] "[DOM] Found 10 elements with non-unique id #signInToHUC: (More info: https://goo.gl/9p2vKq) %o %o %o %o %o %o %o %o %o %o", source: https://www.amazon.ca/gp/offer-listing/B07VJRZ62R (0)
[57343:775:0413/040253.004856:INFO:CONSOLE(0)] "[DOM] Found 10 elements with non-unique id #signInToHUC: (More info: https://goo.gl/9p2vKq) %o %o %o %o %o %o %o %o %o %o", source: https://www.amazon.ca/gp/offer-listing/B07VGRJDFY (0)
[57343:775:0413/040253.642621:INFO:CONSOLE(0)] "[DOM] Found 2 elements with non-unique id #signInToHUC: (More info: https://goo.gl/9p2vKq) %o %o", source: https://www.amazon.ca/gp/offer-listing/B07WQYRLGT (0)
[57343:775:0413/040255.874426:INFO:CONSOLE(0)] "[DOM] Found 10 elements with non-unique id #signInToHUC: (More info: https://goo.gl/9p2vKq) %o %o %o %o %o %o %o %o %o %o", source: https://www.amazon.ca/gp/offer-listing/B07VJRZ62R (0)
[57343:775:0413/040256.722717:INFO:CONSOLE(0)] "[DOM] Found 10 elements with non-unique id #signInToHUC: (More info: https://goo.gl/9p2vKq) %o %o %o %o %o %o %o %o %o %o", source: https://www.amazon.ca/gp/offer-listing/B07VGRJDFY (0)
[57343:775:0413/040257.438674:INFO:CONSOLE(0)] "[DOM] Found 2 elements with non-unique id #signInToHUC: (More info: https://goo.gl/9p2vKq) %o %o", source: https://www.amazon.ca/gp/offer-listing/B07WQYRLGT (0)
[57343:775:0413/040259.672210:INFO:CONSOLE(0)] "[DOM] Found 10 elements with non-unique id #signInToHUC: (More info: https://goo.gl/9p2vKq) %o %o %o %o %o %o %o %o %o %o", source: https://www.amazon.ca/gp/offer-listing/B07VJRZ62R (0)
[57343:775:0413/040300.540019:INFO:CONSOLE(0)] "[DOM] Found 10 elements with non-unique id #signInToHUC: (More info: https://goo.gl/9p2vKq) %o %o %o %o %o %o %o %o %o %o", source: https://www.amazon.ca/gp/offer-listing/B07VGRJDFY (0)
[57343:775:0413/040301.137682:INFO:CONSOLE(0)] "[DOM] Found 2 elements with non-unique id #signInToHUC: (More info: https://goo.gl/9p2vKq) %o %o", source: https://www.amazon.ca/gp/offer-listing/B07WQYRLGT (0)
[57343:775:0413/040303.419685:INFO:CONSOLE(0)] "[DOM] Found 10 elements with non-unique id #signInToHUC: (More info: https://goo.gl/9p2vKq) %o %o %o %o %o %o %o %o %o %o", source: https://www.amazon.ca/gp/offer-listing/B07VJRZ62R (0)
[57343:775:0413/040304.306049:INFO:CONSOLE(0)] "[DOM] Found 10 elements with non-unique id #signInToHUC: (More info: https://goo.gl/9p2vKq) %o %o %o %o %o %o %o %o %o %o", source: https://www.amazon.ca/gp/offer-listing/B07VGRJDFY (0)
[57343:775:0413/040305.065587:INFO:CONSOLE(0)] "[DOM] Found 2 elements with non-unique id #signInToHUC: (More info: https://goo.gl/9p2vKq) %o %o", source: https://www.amazon.ca/gp/offer-listing/B07WQYRLGT (0)
[57343:775:0413/040307.272439:INFO:CONSOLE(0)] "[DOM] Found 10 elements with non-unique id #signInToHUC: (More info: https://goo.gl/9p2vKq) %o %o %o %o %o %o %o %o %o %o", source: https://www.amazon.ca/gp/offer-listing/B07VJRZ62R (0)
[57343:775:0413/040308.159455:INFO:CONSOLE(0)] "[DOM] Found 10 elements with non-unique id #signInToHUC: (More info: https://goo.gl/9p2vKq) %o %o %o %o %o %o %o %o %o %o", source: https://www.amazon.ca/gp/offer-listing/B07VGRJDFY (0)
[57343:775:0413/040308.811514:INFO:CONSOLE(0)] "[DOM] Found 2 elements with non-unique id #signInToHUC: (More info: https://goo.gl/9p2vKq) %o %o", source: https://www.amazon.ca/gp/offer-listing/B07WQYRLGT (0)
[57343:775:0413/040311.159581:INFO:CONSOLE(0)] "[DOM] Found 10 elements with non-unique id #signInToHUC: (More info: https://goo.gl/9p2vKq) %o %o %o %o %o %o %o %o %o %o", source: https://www.amazon.ca/gp/offer-listing/B07VJRZ62R (0)
[57343:775:0413/040312.001575:INFO:CONSOLE(0)] "[DOM] Found 10 elements with non-unique id #signInToHUC: (More info: https://goo.gl/9p2vKq) %o %o %o %o %o %o %o %o %o %o", source: https://www.amazon.ca/gp/offer-listing/B07VGRJDFY (0)
[57343:775:0413/040312.667093:INFO:CONSOLE(0)] "[DOM] Found 2 elements with non-unique id #signInToHUC: (More info: https://goo.gl/9p2vKq) %o %o", source: https://www.amazon.ca/gp/offer-listing/B07WQYRLGT (0)
[57343:775:0413/040314.947912:INFO:CONSOLE(0)] "[DOM] Found 10 elements with non-unique id #signInToHUC: (More info: https://goo.gl/9p2vKq) %o %o %o %o %o %o %o %o %o %o", source: https://www.amazon.ca/gp/offer-listing/B07VJRZ62R (0)
[57343:775:0413/040315.808868:INFO:CONSOLE(0)] "[DOM] Found 10 elements with non-unique id #signInToHUC: (More info: https://goo.gl/9p2vKq) %o %o %o %o %o %o %o %o %o %o", source: https://www.amazon.ca/gp/offer-listing/B07VGRJDFY (0)
[57343:775:0413/040316.199271:INFO:CONSOLE(0)] "[DOM] Found 2 elements with non-unique id #signInToHUC: (More info: https://goo.gl/9p2vKq) %o %o", source: https://www.amazon.ca/gp/offer-listing/B07WQYRLGT (0)
[57343:775:0413/040318.460625:INFO:CONSOLE(0)] "[DOM] Found 10 elements with non-unique id #signInToHUC: (More info: https://goo.gl/9p2vKq) %o %o %o %o %o %o %o %o %o %o", source: https://www.amazon.ca/gp/offer-listing/B07VJRZ62R (0)
[57343:775:0413/040319.319725:INFO:CONSOLE(0)] "[DOM] Found 10 elements with non-unique id #signInToHUC: (More info: https://goo.gl/9p2vKq) %o %o %o %o %o %o %o %o %o %o", source: https://www.amazon.ca/gp/offer-listing/B07VGRJDFY (0)
[57343:775:0413/040320.033457:INFO:CONSOLE(0)] "[DOM] Found 2 elements with non-unique id #signInToHUC: (More info: https://goo.gl/9p2vKq) %o %o", source: https://www.amazon.ca/gp/offer-listing/B07WQYRLGT (0)
[57343:775:0413/040322.286675:INFO:CONSOLE(0)] "[DOM] Found 10 elements with non-unique id #signInToHUC: (More info: https://goo.gl/9p2vKq) %o %o %o %o %o %o %o %o %o %o", source: https://www.amazon.ca/gp/offer-listing/B07VJRZ62R (0)
[57343:775:0413/040323.200632:INFO:CONSOLE(0)] "[DOM] Found 10 elements with non-unique id #signInToHUC: (More info: https://goo.gl/9p2vKq) %o %o %o %o %o %o %o %o %o %o", source: https://www.amazon.ca/gp/offer-listing/B07VGRJDFY (0)
[57343:775:0413/040323.832518:INFO:CONSOLE(0)] "[DOM] Found 2 elements with non-unique id #signInToHUC: (More info: https://goo.gl/9p2vKq) %o %o", source: https://www.amazon.ca/gp/offer-listing/B07WQYRLGT (0)
[57343:775:0413/040326.257321:INFO:CONSOLE(0)] "[DOM] Found 10 elements with non-unique id #signInToHUC: (More info: https://goo.gl/9p2vKq) %o %o %o %o %o %o %o %o %o %o", source: https://www.amazon.ca/gp/offer-listing/B07VJRZ62R (0)
[57343:36867:0413/040327.133114:INFO:CONSOLE(0)] "The service worker navigation preload request failed with network error: net::ERR_FAILED.", source:  (0)
[57343:775:0413/040327.517890:INFO:CONSOLE(0)] "[DOM] Found 2 elements with non-unique id #signInToHUC: (More info: https://goo.gl/9p2vKq) %o %o", source: https://www.amazon.ca/gp/offer-listing/B07WQYRLGT (0)
[57343:775:0413/040329.807554:INFO:CONSOLE(0)] "[DOM] Found 10 elements with non-unique id #signInToHUC: (More info: https://goo.gl/9p2vKq) %o %o %o %o %o %o %o %o %o %o", source: https://www.amazon.ca/gp/offer-listing/B07VJRZ62R (0)
[57343:775:0413/040330.673257:INFO:CONSOLE(0)] "[DOM] Found 10 elements with non-unique id #signInToHUC: (More info: https://goo.gl/9p2vKq) %o %o %o %o %o %o %o %o %o %o", source: https://www.amazon.ca/gp/offer-listing/B07VGRJDFY (0)
[57343:775:0413/040331.337703:INFO:CONSOLE(0)] "[DOM] Found 2 elements with non-unique id #signInToHUC: (More info: https://goo.gl/9p2vKq) %o %o", source: https://www.amazon.ca/gp/offer-listing/B07WQYRLGT (0)
[57343:775:0413/040333.684018:INFO:CONSOLE(0)] "[DOM] Found 10 elements with non-unique id #signInToHUC: (More info: https://goo.gl/9p2vKq) %o %o %o %o %o %o %o %o %o %o", source: https://www.amazon.ca/gp/offer-listing/B07VJRZ62R (0)
[57343:775:0413/040334.529306:INFO:CONSOLE(0)] "[DOM] Found 10 elements with non-unique id #signInToHUC: (More info: https://goo.gl/9p2vKq) %o %o %o %o %o %o %o %o %o %o", source: https://www.amazon.ca/gp/offer-listing/B07VGRJDFY (0)
[57343:775:0413/040335.158623:INFO:CONSOLE(0)] "[DOM] Found 2 elements with non-unique id #signInToHUC: (More info: https://goo.gl/9p2vKq) %o %o", source: https://www.amazon.ca/gp/offer-listing/B07WQYRLGT (0)
[57343:775:0413/040337.429078:INFO:CONSOLE(0)] "[DOM] Found 10 elements with non-unique id #signInToHUC: (More info: https://goo.gl/9p2vKq) %o %o %o %o %o %o %o %o %o %o", source: https://www.amazon.ca/gp/offer-listing/B07VJRZ62R (0)
[57343:775:0413/040338.339955:INFO:CONSOLE(0)] "[DOM] Found 10 elements with non-unique id #signInToHUC: (More info: https://goo.gl/9p2vKq) %o %o %o %o %o %o %o %o %o %o", source: https://www.amazon.ca/gp/offer-listing/B07VGRJDFY (0)
[57343:775:0413/040339.048952:INFO:CONSOLE(0)] "[DOM] Found 2 elements with non-unique id #signInToHUC: (More info: https://goo.gl/9p2vKq) %o %o", source: https://www.amazon.ca/gp/offer-listing/B07WQYRLGT (0)
[57343:775:0413/040341.336851:INFO:CONSOLE(0)] "[DOM] Found 10 elements with non-unique id #signInToHUC: (More info: https://goo.gl/9p2vKq) %o %o %o %o %o %o %o %o %o %o", source: https://www.amazon.ca/gp/offer-listing/B07VJRZ62R (0)
[57343:775:0413/040342.132376:INFO:CONSOLE(0)] "[DOM] Found 10 elements with non-unique id #signInToHUC: (More info: https://goo.gl/9p2vKq) %o %o %o %o %o %o %o %o %o %o", source: https://www.amazon.ca/gp/offer-listing/B07VGRJDFY (0)
[57343:775:0413/040342.708838:INFO:CONSOLE(0)] "[DOM] Found 2 elements with non-unique id #signInToHUC: (More info: https://goo.gl/9p2vKq) %o %o", source: https://www.amazon.ca/gp/offer-listing/B07WQYRLGT (0)
[57343:775:0413/040344.984681:INFO:CONSOLE(0)] "[DOM] Found 10 elements with non-unique id #signInToHUC: (More info: https://goo.gl/9p2vKq) %o %o %o %o %o %o %o %o %o %o", source: https://www.amazon.ca/gp/offer-listing/B07VJRZ62R (0)
[57343:775:0413/040345.826719:INFO:CONSOLE(0)] "[DOM] Found 10 elements with non-unique id #signInToHUC: (More info: https://goo.gl/9p2vKq) %o %o %o %o %o %o %o %o %o %o", source: https://www.amazon.ca/gp/offer-listing/B07VGRJDFY (0)
[57343:775:0413/040346.579077:INFO:CONSOLE(0)] "[DOM] Found 2 elements with non-unique id #signInToHUC: (More info: https://goo.gl/9p2vKq) %o %o", source: https://www.amazon.ca/gp/offer-listing/B07WQYRLGT (0)
[57343:775:0413/040348.849903:INFO:CONSOLE(0)] "[DOM] Found 10 elements with non-unique id #signInToHUC: (More info: https://goo.gl/9p2vKq) %o %o %o %o %o %o %o %o %o %o", source: https://www.amazon.ca/gp/offer-listing/B07VJRZ62R (0)
[57343:775:0413/040349.779583:INFO:CONSOLE(0)] "[DOM] Found 10 elements with non-unique id #signInToHUC: (More info: https://goo.gl/9p2vKq) %o %o %o %o %o %o %o %o %o %o", source: https://www.amazon.ca/gp/offer-listing/B07VGRJDFY (0)
[57343:775:0413/040350.444467:INFO:CONSOLE(0)] "[DOM] Found 2 elements with non-unique id #signInToHUC: (More info: https://goo.gl/9p2vKq) %o %o", source: https://www.amazon.ca/gp/offer-listing/B07WQYRLGT (0)
[57343:775:0413/040352.632939:INFO:CONSOLE(0)] "[DOM] Found 10 elements with non-unique id #signInToHUC: (More info: https://goo.gl/9p2vKq) %o %o %o %o %o %o %o %o %o %o", source: https://www.amazon.ca/gp/offer-listing/B07VJRZ62R (0)
[57343:775:0413/040353.531483:INFO:CONSOLE(0)] "[DOM] Found 10 elements with non-unique id #signInToHUC: (More info: https://goo.gl/9p2vKq) %o %o %o %o %o %o %o %o %o %o", source: https://www.amazon.ca/gp/offer-listing/B07VGRJDFY (0)
[57343:775:0413/040354.202333:INFO:CONSOLE(0)] "[DOM] Found 2 elements with non-unique id #signInToHUC: (More info: https://goo.gl/9p2vKq) %o %o", source: https://www.amazon.ca/gp/offer-listing/B07WQYRLGT (0)
[57343:775:0413/040356.465550:INFO:CONSOLE(0)] "[DOM] Found 10 elements with non-unique id #signInToHUC: (More info: https://goo.gl/9p2vKq) %o %o %o %o %o %o %o %o %o %o", source: https://www.amazon.ca/gp/offer-listing/B07VJRZ62R (0)
[57343:775:0413/040357.316453:INFO:CONSOLE(0)] "[DOM] Found 10 elements with non-unique id #signInToHUC: (More info: https://goo.gl/9p2vKq) %o %o %o %o %o %o %o %o %o %o", source: https://www.amazon.ca/gp/offer-listing/B07VGRJDFY (0)
[57343:775:0413/040357.972576:INFO:CONSOLE(0)] "[DOM] Found 2 elements with non-unique id #signInToHUC: (More info: https://goo.gl/9p2vKq) %o %o", source: https://www.amazon.ca/gp/offer-listing/B07WQYRLGT (0)
[57343:775:0413/040400.294464:INFO:CONSOLE(0)] "[DOM] Found 10 elements with non-unique id #signInToHUC: (More info: https://goo.gl/9p2vKq) %o %o %o %o %o %o %o %o %o %o", source: https://www.amazon.ca/gp/offer-listing/B07VJRZ62R (0)
[57343:775:0413/040401.140215:INFO:CONSOLE(0)] "[DOM] Found 10 elements with non-unique id #signInToHUC: (More info: https://goo.gl/9p2vKq) %o %o %o %o %o %o %o %o %o %o", source: https://www.amazon.ca/gp/offer-listing/B07VGRJDFY (0)
[57343:775:0413/040401.844861:INFO:CONSOLE(0)] "[DOM] Found 2 elements with non-unique id #signInToHUC: (More info: https://goo.gl/9p2vKq) %o %o", source: https://www.amazon.ca/gp/offer-listing/B07WQYRLGT (0)
[57343:775:0413/040404.230653:INFO:CONSOLE(0)] "[DOM] Found 10 elements with non-unique id #signInToHUC: (More info: https://goo.gl/9p2vKq) %o %o %o %o %o %o %o %o %o %o", source: https://www.amazon.ca/gp/offer-listing/B07VJRZ62R (0)
[57343:775:0413/040405.083209:INFO:CONSOLE(0)] "[DOM] Found 10 elements with non-unique id #signInToHUC: (More info: https://goo.gl/9p2vKq) %o %o %o %o %o %o %o %o %o %o", source: https://www.amazon.ca/gp/offer-listing/B07VGRJDFY (0)
[57343:775:0413/040405.704105:INFO:CONSOLE(0)] "[DOM] Found 2 elements with non-unique id #signInToHUC: (More info: https://goo.gl/9p2vKq) %o %o", source: https://www.amazon.ca/gp/offer-listing/B07WQYRLGT (0)
[57343:775:0413/040407.998537:INFO:CONSOLE(0)] "[DOM] Found 10 elements with non-unique id #signInToHUC: (More info: https://goo.gl/9p2vKq) %o %o %o %o %o %o %o %o %o %o", source: https://www.amazon.ca/gp/offer-listing/B07VJRZ62R (0)
[57343:775:0413/040408.828849:INFO:CONSOLE(0)] "[DOM] Found 10 elements with non-unique id #signInToHUC: (More info: https://goo.gl/9p2vKq) %o %o %o %o %o %o %o %o %o %o", source: https://www.amazon.ca/gp/offer-listing/B07VGRJDFY (0)
[57343:775:0413/040409.438189:INFO:CONSOLE(0)] "[DOM] Found 2 elements with non-unique id #signInToHUC: (More info: https://goo.gl/9p2vKq) %o %o", source: https://www.amazon.ca/gp/offer-listing/B07WQYRLGT (0)
[57343:775:0413/040411.700575:INFO:CONSOLE(0)] "[DOM] Found 10 elements with non-unique id #signInToHUC: (More info: https://goo.gl/9p2vKq) %o %o %o %o %o %o %o %o %o %o", source: https://www.amazon.ca/gp/offer-listing/B07VJRZ62R (0)
[57343:775:0413/040412.603198:INFO:CONSOLE(0)] "[DOM] Found 10 elements with non-unique id #signInToHUC: (More info: https://goo.gl/9p2vKq) %o %o %o %o %o %o %o %o %o %o", source: https://www.amazon.ca/gp/offer-listing/B07VGRJDFY (0)
[57343:775:0413/040413.228540:INFO:CONSOLE(0)] "[DOM] Found 2 elements with non-unique id #signInToHUC: (More info: https://goo.gl/9p2vKq) %o %o", source: https://www.amazon.ca/gp/offer-listing/B07WQYRLGT (0)
[57343:775:0413/040415.505801:INFO:CONSOLE(0)] "[DOM] Found 10 elements with non-unique id #signInToHUC: (More info: https://goo.gl/9p2vKq) %o %o %o %o %o %o %o %o %o %o", source: https://www.amazon.ca/gp/offer-listing/B07VJRZ62R (0)
[57343:775:0413/040416.345820:INFO:CONSOLE(0)] "[DOM] Found 10 elements with non-unique id #signInToHUC: (More info: https://goo.gl/9p2vKq) %o %o %o %o %o %o %o %o %o %o", source: https://www.amazon.ca/gp/offer-listing/B07VGRJDFY (0)
[57343:775:0413/040416.996062:INFO:CONSOLE(0)] "[DOM] Found 2 elements with non-unique id #signInToHUC: (More info: https://goo.gl/9p2vKq) %o %o", source: https://www.amazon.ca/gp/offer-listing/B07WQYRLGT (0)
[57343:775:0413/040419.263695:INFO:CONSOLE(0)] "[DOM] Found 10 elements with non-unique id #signInToHUC: (More info: https://goo.gl/9p2vKq) %o %o %o %o %o %o %o %o %o %o", source: https://www.amazon.ca/gp/offer-listing/B07VJRZ62R (0)
[57343:775:0413/040420.251349:INFO:CONSOLE(0)] "[DOM] Found 10 elements with non-unique id #signInToHUC: (More info: https://goo.gl/9p2vKq) %o %o %o %o %o %o %o %o %o %o", source: https://www.amazon.ca/gp/offer-listing/B07VGRJDFY (0)
[57343:775:0413/040420.898324:INFO:CONSOLE(0)] "[DOM] Found 2 elements with non-unique id #signInToHUC: (More info: https://goo.gl/9p2vKq) %o %o", source: https://www.amazon.ca/gp/offer-listing/B07WQYRLGT (0)
[57343:775:0413/040423.224223:INFO:CONSOLE(0)] "[DOM] Found 10 elements with non-unique id #signInToHUC: (More info: https://goo.gl/9p2vKq) %o %o %o %o %o %o %o %o %o %o", source: https://www.amazon.ca/gp/offer-listing/B07VJRZ62R (0)
[57343:775:0413/040424.033799:INFO:CONSOLE(0)] "[DOM] Found 10 elements with non-unique id #signInToHUC: (More info: https://goo.gl/9p2vKq) %o %o %o %o %o %o %o %o %o %o", source: https://www.amazon.ca/gp/offer-listing/B07VGRJDFY (0)
[57343:775:0413/040424.685075:INFO:CONSOLE(0)] "[DOM] Found 2 elements with non-unique id #signInToHUC: (More info: https://goo.gl/9p2vKq) %o %o", source: https://www.amazon.ca/gp/offer-listing/B07WQYRLGT (0)
[57343:775:0413/040426.959615:INFO:CONSOLE(0)] "[DOM] Found 10 elements with non-unique id #signInToHUC: (More info: https://goo.gl/9p2vKq) %o %o %o %o %o %o %o %o %o %o", source: https://www.amazon.ca/gp/offer-listing/B07VJRZ62R (0)
[57343:775:0413/040427.775883:INFO:CONSOLE(0)] "[DOM] Found 10 elements with non-unique id #signInToHUC: (More info: https://goo.gl/9p2vKq) %o %o %o %o %o %o %o %o %o %o", source: https://www.amazon.ca/gp/offer-listing/B07VGRJDFY (0)
[57343:775:0413/040428.439029:INFO:CONSOLE(0)] "[DOM] Found 2 elements with non-unique id #signInToHUC: (More info: https://goo.gl/9p2vKq) %o %o", source: https://www.amazon.ca/gp/offer-listing/B07WQYRLGT (0)
[57343:775:0413/040430.750369:INFO:CONSOLE(0)] "[DOM] Found 10 elements with non-unique id #signInToHUC: (More info: https://goo.gl/9p2vKq) %o %o %o %o %o %o %o %o %o %o", source: https://www.amazon.ca/gp/offer-listing/B07VJRZ62R (0)
[57343:775:0413/040431.639697:INFO:CONSOLE(0)] "[DOM] Found 10 elements with non-unique id #signInToHUC: (More info: https://goo.gl/9p2vKq) %o %o %o %o %o %o %o %o %o %o", source: https://www.amazon.ca/gp/offer-listing/B07VGRJDFY (0)
[57343:775:0413/040432.310179:INFO:CONSOLE(0)] "[DOM] Found 2 elements with non-unique id #signInToHUC: (More info: https://goo.gl/9p2vKq) %o %o", source: https://www.amazon.ca/gp/offer-listing/B07WQYRLGT (0)
[57343:775:0413/040434.604962:INFO:CONSOLE(0)] "[DOM] Found 10 elements with non-unique id #signInToHUC: (More info: https://goo.gl/9p2vKq) %o %o %o %o %o %o %o %o %o %o", source: https://www.amazon.ca/gp/offer-listing/B07VJRZ62R (0)
[57343:775:0413/040435.447560:INFO:CONSOLE(0)] "[DOM] Found 10 elements with non-unique id #signInToHUC: (More info: https://goo.gl/9p2vKq) %o %o %o %o %o %o %o %o %o %o", source: https://www.amazon.ca/gp/offer-listing/B07VGRJDFY (0)
[57343:775:0413/040436.064017:INFO:CONSOLE(0)] "[DOM] Found 2 elements with non-unique id #signInToHUC: (More info: https://goo.gl/9p2vKq) %o %o", source: https://www.amazon.ca/gp/offer-listing/B07WQYRLGT (0)
[57343:775:0413/040438.387931:INFO:CONSOLE(0)] "[DOM] Found 10 elements with non-unique id #signInToHUC: (More info: https://goo.gl/9p2vKq) %o %o %o %o %o %o %o %o %o %o", source: https://www.amazon.ca/gp/offer-listing/B07VJRZ62R (0)
[57343:775:0413/040439.237361:INFO:CONSOLE(0)] "[DOM] Found 10 elements with non-unique id #signInToHUC: (More info: https://goo.gl/9p2vKq) %o %o %o %o %o %o %o %o %o %o", source: https://www.amazon.ca/gp/offer-listing/B07VGRJDFY (0)
[57343:775:0413/040440.165344:INFO:CONSOLE(0)] "[DOM] Found 2 elements with non-unique id #signInToHUC: (More info: https://goo.gl/9p2vKq) %o %o", source: https://www.amazon.ca/gp/offer-listing/B07WQYRLGT (0)
[57343:775:0413/040442.280110:INFO:CONSOLE(0)] "[DOM] Found 10 elements with non-unique id #signInToHUC: (More info: https://goo.gl/9p2vKq) %o %o %o %o %o %o %o %o %o %o", source: https://www.amazon.ca/gp/offer-listing/B07VJRZ62R (0)
[57343:775:0413/040443.164029:INFO:CONSOLE(0)] "[DOM] Found 10 elements with non-unique id #signInToHUC: (More info: https://goo.gl/9p2vKq) %o %o %o %o %o %o %o %o %o %o", source: https://www.amazon.ca/gp/offer-listing/B07VGRJDFY (0)
[57343:775:0413/040443.817291:INFO:CONSOLE(0)] "[DOM] Found 2 elements with non-unique id #signInToHUC: (More info: https://goo.gl/9p2vKq) %o %o", source: https://www.amazon.ca/gp/offer-listing/B07WQYRLGT (0)
[57343:775:0413/040446.084305:INFO:CONSOLE(0)] "[DOM] Found 10 elements with non-unique id #signInToHUC: (More info: https://goo.gl/9p2vKq) %o %o %o %o %o %o %o %o %o %o", source: https://www.amazon.ca/gp/offer-listing/B07VJRZ62R (0)
[57343:775:0413/040446.889808:INFO:CONSOLE(0)] "[DOM] Found 10 elements with non-unique id #signInToHUC: (More info: https://goo.gl/9p2vKq) %o %o %o %o %o %o %o %o %o %o", source: https://www.amazon.ca/gp/offer-listing/B07VGRJDFY (0)
[57343:775:0413/040447.578678:INFO:CONSOLE(0)] "[DOM] Found 2 elements with non-unique id #signInToHUC: (More info: https://goo.gl/9p2vKq) %o %o", source: https://www.amazon.ca/gp/offer-listing/B07WQYRLGT (0)
[57343:775:0413/040449.877887:INFO:CONSOLE(0)] "[DOM] Found 10 elements with non-unique id #signInToHUC: (More info: https://goo.gl/9p2vKq) %o %o %o %o %o %o %o %o %o %o", source: https://www.amazon.ca/gp/offer-listing/B07VJRZ62R (0)
[57343:775:0413/040450.739827:INFO:CONSOLE(0)] "[DOM] Found 10 elements with non-unique id #signInToHUC: (More info: https://goo.gl/9p2vKq) %o %o %o %o %o %o %o %o %o %o", source: https://www.amazon.ca/gp/offer-listing/B07VGRJDFY (0)
[57343:775:0413/040451.362028:INFO:CONSOLE(0)] "[DOM] Found 2 elements with non-unique id #signInToHUC: (More info: https://goo.gl/9p2vKq) %o %o", source: https://www.amazon.ca/gp/offer-listing/B07WQYRLGT (0)
[57343:775:0413/040453.702197:INFO:CONSOLE(0)] "[DOM] Found 10 elements with non-unique id #signInToHUC: (More info: https://goo.gl/9p2vKq) %o %o %o %o %o %o %o %o %o %o", source: https://www.amazon.ca/gp/offer-listing/B07VJRZ62R (0)
[57343:775:0413/040454.595475:INFO:CONSOLE(0)] "[DOM] Found 10 elements with non-unique id #signInToHUC: (More info: https://goo.gl/9p2vKq) %o %o %o %o %o %o %o %o %o %o", source: https://www.amazon.ca/gp/offer-listing/B07VGRJDFY (0)
[57343:775:0413/040455.271636:INFO:CONSOLE(0)] "[DOM] Found 2 elements with non-unique id #signInToHUC: (More info: https://goo.gl/9p2vKq) %o %o", source: https://www.amazon.ca/gp/offer-listing/B07WQYRLGT (0)
[57343:775:0413/040457.540843:INFO:CONSOLE(0)] "[DOM] Found 10 elements with non-unique id #signInToHUC: (More info: https://goo.gl/9p2vKq) %o %o %o %o %o %o %o %o %o %o", source: https://www.amazon.ca/gp/offer-listing/B07VJRZ62R (0)
[57343:775:0413/040458.370582:INFO:CONSOLE(0)] "[DOM] Found 10 elements with non-unique id #signInToHUC: (More info: https://goo.gl/9p2vKq) %o %o %o %o %o %o %o %o %o %o", source: https://www.amazon.ca/gp/offer-listing/B07VGRJDFY (0)
[57343:775:0413/040459.040370:INFO:CONSOLE(0)] "[DOM] Found 2 elements with non-unique id #signInToHUC: (More info: https://goo.gl/9p2vKq) %o %o", source: https://www.amazon.ca/gp/offer-listing/B07WQYRLGT (0)
[57343:775:0413/040501.362982:INFO:CONSOLE(0)] "[DOM] Found 10 elements with non-unique id #signInToHUC: (More info: https://goo.gl/9p2vKq) %o %o %o %o %o %o %o %o %o %o", source: https://www.amazon.ca/gp/offer-listing/B07VJRZ62R (0)
[57343:775:0413/040502.281276:INFO:CONSOLE(0)] "[DOM] Found 10 elements with non-unique id #signInToHUC: (More info: https://goo.gl/9p2vKq) %o %o %o %o %o %o %o %o %o %o", source: https://www.amazon.ca/gp/offer-listing/B07VGRJDFY (0)
[57343:775:0413/040502.850073:INFO:CONSOLE(0)] "[DOM] Found 2 elements with non-unique id #signInToHUC: (More info: https://goo.gl/9p2vKq) %o %o", source: https://www.amazon.ca/gp/offer-listing/B07WQYRLGT (0)
[57343:775:0413/040505.161315:INFO:CONSOLE(0)] "[DOM] Found 10 elements with non-unique id #signInToHUC: (More info: https://goo.gl/9p2vKq) %o %o %o %o %o %o %o %o %o %o", source: https://www.amazon.ca/gp/offer-listing/B07VJRZ62R (0)
[57343:775:0413/040505.992465:INFO:CONSOLE(0)] "[DOM] Found 10 elements with non-unique id #signInToHUC: (More info: https://goo.gl/9p2vKq) %o %o %o %o %o %o %o %o %o %o", source: https://www.amazon.ca/gp/offer-listing/B07VGRJDFY (0)
[57343:775:0413/040506.599327:INFO:CONSOLE(0)] "[DOM] Found 2 elements with non-unique id #signInToHUC: (More info: https://goo.gl/9p2vKq) %o %o", source: https://www.amazon.ca/gp/offer-listing/B07WQYRLGT (0)
[57343:775:0413/040508.955851:INFO:CONSOLE(0)] "[DOM] Found 10 elements with non-unique id #signInToHUC: (More info: https://goo.gl/9p2vKq) %o %o %o %o %o %o %o %o %o %o", source: https://www.amazon.ca/gp/offer-listing/B07VJRZ62R (0)
[57343:775:0413/040509.900051:INFO:CONSOLE(0)] "[DOM] Found 10 elements with non-unique id #signInToHUC: (More info: https://goo.gl/9p2vKq) %o %o %o %o %o %o %o %o %o %o", source: https://www.amazon.ca/gp/offer-listing/B07VGRJDFY (0)
[57343:775:0413/040510.568133:INFO:CONSOLE(0)] "[DOM] Found 2 elements with non-unique id #signInToHUC: (More info: https://goo.gl/9p2vKq) %o %o", source: https://www.amazon.ca/gp/offer-listing/B07WQYRLGT (0)
[57343:775:0413/040512.900874:INFO:CONSOLE(0)] "[DOM] Found 10 elements with non-unique id #signInToHUC: (More info: https://goo.gl/9p2vKq) %o %o %o %o %o %o %o %o %o %o", source: https://www.amazon.ca/gp/offer-listing/B07VJRZ62R (0)
[57343:775:0413/040513.810781:INFO:CONSOLE(0)] "[DOM] Found 10 elements with non-unique id #signInToHUC: (More info: https://goo.gl/9p2vKq) %o %o %o %o %o %o %o %o %o %o", source: https://www.amazon.ca/gp/offer-listing/B07VGRJDFY (0)
[57343:775:0413/040514.223244:INFO:CONSOLE(0)] "[DOM] Found 2 elements with non-unique id #signInToHUC: (More info: https://goo.gl/9p2vKq) %o %o", source: https://www.amazon.ca/gp/offer-listing/B07WQYRLGT (0)
[57343:775:0413/040516.450928:INFO:CONSOLE(0)] "[DOM] Found 10 elements with non-unique id #signInToHUC: (More info: https://goo.gl/9p2vKq) %o %o %o %o %o %o %o %o %o %o", source: https://www.amazon.ca/gp/offer-listing/B07VJRZ62R (0)
[57343:775:0413/040517.271255:INFO:CONSOLE(0)] "[DOM] Found 10 elements with non-unique id #signInToHUC: (More info: https://goo.gl/9p2vKq) %o %o %o %o %o %o %o %o %o %o", source: https://www.amazon.ca/gp/offer-listing/B07VGRJDFY (0)
[57343:775:0413/040517.939812:INFO:CONSOLE(0)] "[DOM] Found 2 elements with non-unique id #signInToHUC: (More info: https://goo.gl/9p2vKq) %o %o", source: https://www.amazon.ca/gp/offer-listing/B07WQYRLGT (0)
[57343:775:0413/040520.259964:INFO:CONSOLE(0)] "[DOM] Found 10 elements with non-unique id #signInToHUC: (More info: https://goo.gl/9p2vKq) %o %o %o %o %o %o %o %o %o %o", source: https://www.amazon.ca/gp/offer-listing/B07VJRZ62R (0)
[57343:775:0413/040521.101651:INFO:CONSOLE(0)] "[DOM] Found 10 elements with non-unique id #signInToHUC: (More info: https://goo.gl/9p2vKq) %o %o %o %o %o %o %o %o %o %o", source: https://www.amazon.ca/gp/offer-listing/B07VGRJDFY (0)
[57343:775:0413/040521.805175:INFO:CONSOLE(0)] "[DOM] Found 2 elements with non-unique id #signInToHUC: (More info: https://goo.gl/9p2vKq) %o %o", source: https://www.amazon.ca/gp/offer-listing/B07WQYRLGT (0)
[57343:775:0413/040524.179100:INFO:CONSOLE(0)] "[DOM] Found 10 elements with non-unique id #signInToHUC: (More info: https://goo.gl/9p2vKq) %o %o %o %o %o %o %o %o %o %o", source: https://www.amazon.ca/gp/offer-listing/B07VJRZ62R (0)
[57343:775:0413/040524.995457:INFO:CONSOLE(0)] "[DOM] Found 10 elements with non-unique id #signInToHUC: (More info: https://goo.gl/9p2vKq) %o %o %o %o %o %o %o %o %o %o", source: https://www.amazon.ca/gp/offer-listing/B07VGRJDFY (0)
[57343:775:0413/040525.684695:INFO:CONSOLE(0)] "[DOM] Found 2 elements with non-unique id #signInToHUC: (More info: https://goo.gl/9p2vKq) %o %o", source: https://www.amazon.ca/gp/offer-listing/B07WQYRLGT (0)
[57343:775:0413/040527.944914:INFO:CONSOLE(0)] "[DOM] Found 10 elements with non-unique id #signInToHUC: (More info: https://goo.gl/9p2vKq) %o %o %o %o %o %o %o %o %o %o", source: https://www.amazon.ca/gp/offer-listing/B07VJRZ62R (0)
[57343:775:0413/040528.826501:INFO:CONSOLE(0)] "[DOM] Found 10 elements with non-unique id #signInToHUC: (More info: https://goo.gl/9p2vKq) %o %o %o %o %o %o %o %o %o %o", source: https://www.amazon.ca/gp/offer-listing/B07VGRJDFY (0)
[57343:775:0413/040529.550763:INFO:CONSOLE(0)] "[DOM] Found 2 elements with non-unique id #signInToHUC: (More info: https://goo.gl/9p2vKq) %o %o", source: https://www.amazon.ca/gp/offer-listing/B07WQYRLGT (0)
[57343:775:0413/040531.786558:INFO:CONSOLE(0)] "[DOM] Found 10 elements with non-unique id #signInToHUC: (More info: https://goo.gl/9p2vKq) %o %o %o %o %o %o %o %o %o %o", source: https://www.amazon.ca/gp/offer-listing/B07VJRZ62R (0)
[57343:775:0413/040532.623835:INFO:CONSOLE(0)] "[DOM] Found 10 elements with non-unique id #signInToHUC: (More info: https://goo.gl/9p2vKq) %o %o %o %o %o %o %o %o %o %o", source: https://www.amazon.ca/gp/offer-listing/B07VGRJDFY (0)
[57343:775:0413/040532.812570:WARNING:pref_notifier_impl.cc(40)] Pref observer for media_router.cast_allow_all_ips found at shutdown.
[57343:775:0413/040532.812615:WARNING:pref_notifier_impl.cc(40)] Pref observer for browser.relaunch_notification_period found at shutdown.
